f:\backups\old domain controller backup\game 1349\opengl\popengl\debug\opengl.ilk
f:\backups\old domain controller backup\game 1349\opengl\popengl\debug\opengl.exe
f:\backups\old domain controller backup\game 1349\opengl\popengl\debug\opengl.pdb
f:\backups\old domain controller backup\game 1349\sample programs\draw quads\debug\opengl.ilk
f:\backups\old domain controller backup\game 1349\sample programs\draw quads\debug\opengl.exe
f:\backups\old domain controller backup\game 1349\sample programs\draw quads\debug\opengl.pdb
f:\backups\old domain controller backup\game 1349\sample programs\rotating cube\debug\opengl.ilk
f:\backups\old domain controller backup\game 1349\sample programs\rotating cube\debug\opengl.exe
f:\backups\old domain controller backup\game 1349\sample programs\rotating cube\debug\opengl.pdb
f:\backups\old domain controller backup\game 1349\sample programs\rotating cube with key press\debug\opengl.ilk
f:\backups\old domain controller backup\game 1349\sample programs\rotating cube with key press\debug\opengl.exe
f:\backups\old domain controller backup\game 1349\sample programs\rotating cube with key press\debug\opengl.pdb
f:\backups\old domain controller backup\game 1349\opengl\popengl\opengl\debug\vc120.pdb
f:\backups\old domain controller backup\game 1349\opengl\popengl\opengl\debug\vc120.idb
f:\backups\old domain controller backup\game 1349\opengl\popengl\opengl\debug\openglapp.obj
f:\backups\old domain controller backup\game 1349\opengl\popengl\opengl\debug\winmain.obj
f:\backups\old domain controller backup\game 1349\sample programs\draw quads\opengl\debug\vc120.pdb
f:\backups\old domain controller backup\game 1349\sample programs\draw quads\opengl\debug\vc120.idb
f:\backups\old domain controller backup\game 1349\sample programs\draw quads\opengl\debug\openglapp.obj
f:\backups\old domain controller backup\game 1349\sample programs\draw quads\opengl\debug\winmain.obj
f:\backups\old domain controller backup\game 1349\sample programs\rotating cube\opengl\debug\vc120.pdb
f:\backups\old domain controller backup\game 1349\sample programs\rotating cube\opengl\debug\vc120.idb
f:\backups\old domain controller backup\game 1349\sample programs\rotating cube\opengl\debug\openglapp.obj
f:\backups\old domain controller backup\game 1349\sample programs\rotating cube\opengl\debug\winmain.obj
f:\backups\old domain controller backup\game 1349\sample programs\rotating cube with key press\opengl\debug\vc120.pdb
f:\backups\old domain controller backup\game 1349\sample programs\rotating cube with key press\opengl\debug\vc120.idb
f:\backups\old domain controller backup\game 1349\sample programs\rotating cube with key press\opengl\debug\openglapp.obj
f:\backups\old domain controller backup\game 1349\sample programs\rotating cube with key press\opengl\debug\winmain.obj
f:\backups\old domain controller backup\game 1349\sample programs\rotating cube with key press\opengl\debug\opengl.tlog\cl.command.1.tlog
f:\backups\old domain controller backup\game 1349\sample programs\rotating cube with key press\opengl\debug\opengl.tlog\link.command.1.tlog
f:\backups\old domain controller backup\game 1349\sample programs\rotating cube with key press\opengl\debug\opengl.tlog\cl.read.1.tlog
f:\backups\old domain controller backup\game 1349\sample programs\rotating cube with key press\opengl\debug\opengl.tlog\link.read.1.tlog
f:\backups\old domain controller backup\game 1349\sample programs\rotating cube with key press\opengl\debug\opengl.tlog\link.write.1.tlog
f:\backups\old domain controller backup\game 1349\sample programs\rotating cube with key press\opengl\debug\opengl.tlog\cl.write.1.tlog
